INFO: [VRFC 10-163] Analyzing VHDL file "C:/Users/kwokt/Desktop/goossens-book-ip-projects-main/2024.1/chapter_2/project_1.gen/sources_1/bd/design_1/ipshared/1443/hdl/fifo_generator_v13_2_rfs.vhd" into library fifo_generator_v13_2_10
INFO: [VRFC 10-3107] analyzing entity 'input_blk'
INFO: [VRFC 10-3107] analyzing entity 'output_blk'
INFO: [VRFC 10-3107] analyzing entity 'shft_wrapper'
INFO: [VRFC 10-3107] analyzing entity 'shft_ram'
INFO: [VRFC 10-3107] analyzing entity 'wr_pf_as'
INFO: [VRFC 10-3107] analyzing entity 'wr_pf_ss'
INFO: [VRFC 10-3107] analyzing entity 'rd_pe_as'
INFO: [VRFC 10-3107] analyzing entity 'rd_pe_ss'
INFO: [VRFC 10-3107] analyzing entity 'synchronizer_ff'
INFO: [VRFC 10-3107] analyzing entity 'delay'
INFO: [VRFC 10-3107] analyzing entity 'bin_cntr'
INFO: [VRFC 10-3107] analyzing entity 'clk_x_pntrs_builtin'
INFO: [VRFC 10-3107] analyzing entity 'logic_builtin'
INFO: [VRFC 10-3107] analyzing entity 'builtin_prim'
INFO: [VRFC 10-3107] analyzing entity 'builtin_extdepth'
INFO: [VRFC 10-3107] analyzing entity 'builtin_top'
INFO: [VRFC 10-3107] analyzing entity 'reset_builtin'
INFO: [VRFC 10-3107] analyzing entity 'builtin_prim_v6'
INFO: [VRFC 10-3107] analyzing entity 'builtin_extdepth_v6'
INFO: [VRFC 10-3107] analyzing entity 'builtin_extdepth_low_latency'
INFO: [VRFC 10-3107] analyzing entity 'builtin_top_v6'
INFO: [VRFC 10-3107] analyzing entity 'fifo_generator_v13_2_10_builtin'
INFO: [VRFC 10-3107] analyzing entity 'bram_sync_reg'
INFO: [VRFC 10-3107] analyzing entity 'bram_fifo_rstlogic'
INFO: [VRFC 10-3107] analyzing entity 'reset_blk_ramfifo'
INFO: [VRFC 10-3107] analyzing entity 'axi_reg_slice'
INFO: [VRFC 10-3107] analyzing entity 'fifo_generator_top'
INFO: [VRFC 10-3107] analyzing entity 'fifo_generator_v13_2_10_synth'
INFO: [VRFC 10-163] Analyzing VHDL file "C:/Users/kwokt/Desktop/goossens-book-ip-projects-main/2024.1/chapter_2/project_1.gen/sources_1/bd/design_1/ipshared/2a4f/hdl/lib_cdc_v1_0_rfs.vhd" into library lib_cdc_v1_0_3
INFO: [VRFC 10-3107] analyzing entity 'cdc_sync'
INFO: [VRFC 10-163] Analyzing VHDL file "C:/Users/kwokt/Desktop/goossens-book-ip-projects-main/2024.1/chapter_2/project_1.gen/sources_1/bd/design_1/ipshared/3a26/hdl/proc_sys_reset_v5_0_vh_rfs.vhd" into library proc_sys_reset_v5_0_15
INFO: [VRFC 10-3107] analyzing entity 'upcnt_n'
INFO: [VRFC 10-3107] analyzing entity 'sequence_psr'
INFO: [VRFC 10-3107] analyzing entity 'lpf'
INFO: [VRFC 10-3107] analyzing entity 'proc_sys_reset'
INFO: [VRFC 10-163] Analyzing VHDL file "C:/Users/kwokt/Desktop/goossens-book-ip-projects-main/2024.1/chapter_2/project_1.ip_user_files/bd/design_1/ip/design_1_rst_ps7_0_100M_0/sim/design_1_rst_ps7_0_100M_0.vhd" into library xil_defaultlib
INFO: [VRFC 10-3107] analyzing entity 'design_1_rst_ps7_0_100M_0'
